[debug] [2024-02-14T17:25:57.781Z] ----------------------------------------------------------------------
[debug] [2024-02-14T17:25:57.783Z] Command:       /usr/local/bin/firebase /Users/rupestre/.cache/firebase/tools/lib/node_modules/firebase-tools/lib/bin/firebase emulators:start --import data --export-on-exit
[debug] [2024-02-14T17:25:57.783Z] CLI Version:   13.2.1
[debug] [2024-02-14T17:25:57.784Z] Platform:      darwin
[debug] [2024-02-14T17:25:57.784Z] Node Version:  v18.5.0
[debug] [2024-02-14T17:25:57.785Z] Time:          Wed Feb 14 2024 18:25:57 GMT+0100 (Central European Standard Time)
[debug] [2024-02-14T17:25:57.785Z] ----------------------------------------------------------------------
[debug] 
[debug] [2024-02-14T17:25:57.887Z] > command requires scopes: ["email","openid","https://www.googleapis.com/auth/cloudplatformprojects.readonly","https://www.googleapis.com/auth/firebase","https://www.googleapis.com/auth/cloud-platform"]
[debug] [2024-02-14T17:25:57.888Z] > authorizing via signed-in user (rutappacyl@gmail.com)
[info] i  emulators: Starting emulators: auth {"metadata":{"emulator":{"name":"hub"},"message":"Starting emulators: auth"}}
[debug] [2024-02-14T17:25:58.955Z] [logging] Logging Emulator only supports listening on one address (127.0.0.1). Not listening on ::1
[debug] [2024-02-14T17:25:58.955Z] [auth] Authentication Emulator only supports listening on one address (127.0.0.1). Not listening on ::1
[warn] ⚠  ui: Emulator UI unable to start on port 4000, starting on 4001 instead. {"metadata":{"emulator":{"name":"ui"},"message":"Emulator UI unable to start on port 4000, starting on 4001 instead."}}
[debug] [2024-02-14T17:25:58.956Z] assigned listening specs for emulators {"user":{"hub":[{"address":"127.0.0.1","family":"IPv4","port":4400},{"address":"::1","family":"IPv6","port":4400}],"logging":[{"address":"127.0.0.1","family":"IPv4","port":4500}],"auth":[{"address":"127.0.0.1","family":"IPv4","port":9099}],"ui":[{"address":"127.0.0.1","family":"IPv4","port":4001},{"address":"::1","family":"IPv6","port":4001}]},"metadata":{"message":"assigned listening specs for emulators"}}
[debug] [2024-02-14T17:25:58.971Z] [hub] writing locator at /var/folders/fm/f1396_5x7nqc7qktb5gq8tsh0000gn/T/hub-rutappa-6a18c.json
[info] i  auth: Importing config from /Users/rupestre/Documents/rutappa/data/auth_export/config.json {"metadata":{"emulator":{"name":"auth"},"message":"Importing config from /Users/rupestre/Documents/rutappa/data/auth_export/config.json"}}
[info] i  auth: Importing accounts from /Users/rupestre/Documents/rutappa/data/auth_export/accounts.json {"metadata":{"emulator":{"name":"auth"},"message":"Importing accounts from /Users/rupestre/Documents/rutappa/data/auth_export/accounts.json"}}
[debug] [2024-02-14T17:26:07.337Z] Ignoring unsupported arg: auto_download {"metadata":{"emulator":{"name":"ui"},"message":"Ignoring unsupported arg: auto_download"}}
[debug] [2024-02-14T17:26:07.337Z] Ignoring unsupported arg: port {"metadata":{"emulator":{"name":"ui"},"message":"Ignoring unsupported arg: port"}}
[debug] [2024-02-14T17:26:07.337Z] Starting Emulator UI with command {"binary":"node","args":["/Users/rupestre/.cache/firebase/emulators/ui-v1.11.7/server/server.js"],"optionalArgs":[],"joinArgs":false} {"metadata":{"emulator":{"name":"ui"},"message":"Starting Emulator UI with command {\"binary\":\"node\",\"args\":[\"/Users/rupestre/.cache/firebase/emulators/ui-v1.11.7/server/server.js\"],\"optionalArgs\":[],\"joinArgs\":false}"}}
[info] i  ui: Emulator UI logging to ui-debug.log {"metadata":{"emulator":{"name":"ui"},"message":"Emulator UI logging to \u001b[1mui-debug.log\u001b[22m"}}
[debug] [2024-02-14T17:26:07.595Z] Web / API server started at 127.0.0.1:4001
 {"metadata":{"emulator":{"name":"ui"},"message":"Web / API server started at 127.0.0.1:4001\n"}}
[debug] [2024-02-14T17:26:07.596Z] Web / API server started at ::1:4001
 {"metadata":{"emulator":{"name":"ui"},"message":"Web / API server started at ::1:4001\n"}}
[info] 
┌─────────────────────────────────────────────────────────────┐
│ ✔  All emulators ready! It is now safe to connect your app. │
│ i  View Emulator UI at http://127.0.0.1:4001/               │
└─────────────────────────────────────────────────────────────┘

┌────────────────┬────────────────┬────────────────────────────┐
│ Emulator       │ Host:Port      │ View in Emulator UI        │
├────────────────┼────────────────┼────────────────────────────┤
│ Authentication │ 127.0.0.1:9099 │ http://127.0.0.1:4001/auth │
└────────────────┴────────────────┴────────────────────────────┘
  Emulator Hub running at 127.0.0.1:4400
  Other reserved ports: 4500

Issues? Report them at https://github.com/firebase/firebase-tools/issues and attach the *-debug.log files.
 
[debug] [2024-02-14T23:09:36.319Z] Received signal SIGHUP 1
[info]  
[info] i  emulators: Received SIGHUP for the first time. Starting a clean shutdown. 
[info] i  emulators: Please wait for a clean shutdown or send the SIGHUP signal again to stop right now. 
[info] i  Automatically exporting data using --export-on-exit "data" please wait for the export to finish... 
[debug] [2024-02-14T23:09:36.531Z] >>> [apiv2][query] GET http://127.0.0.1:4400/ [none]
[debug] [2024-02-14T23:09:36.623Z] Error: write EIO
    at afterWriteDispatched (node:internal/stream_base_commons:160:15)
    at writeGeneric (node:internal/stream_base_commons:151:3)
    at Socket._writeGeneric (node:net:863:11)
    at Socket._write (node:net:875:8)
    at writeOrBuffer (node:internal/streams/writable:392:12)
    at _write (node:internal/streams/writable:333:10)
    at Writable.write (node:internal/streams/writable:337:10)
    at Console.log (/Users/rupestre/.cache/firebase/tools/lib/node_modules/winston/lib/winston/transports/console.js:79:23)
    at Console._write (/Users/rupestre/.cache/firebase/tools/lib/node_modules/winston-transport/modern.js:103:17)
    at doWrite (/Users/rupestre/.cache/firebase/tools/lib/node_modules/readable-stream/lib/_stream_writable.js:390:139)
[error] 
[error] Error: An unexpected error has occurred.
[debug] [2024-02-14T23:09:36.637Z] Error: write EIO
    at afterWriteDispatched (node:internal/stream_base_commons:160:15)
    at writeGeneric (node:internal/stream_base_commons:151:3)
    at Socket._writeGeneric (node:net:863:11)
    at Socket._write (node:net:875:8)
    at writeOrBuffer (node:internal/streams/writable:392:12)
    at _write (node:internal/streams/writable:333:10)
    at Writable.write (node:internal/streams/writable:337:10)
    at Console.log (/Users/rupestre/.cache/firebase/tools/lib/node_modules/winston/lib/winston/transports/console.js:79:23)
    at Console._write (/Users/rupestre/.cache/firebase/tools/lib/node_modules/winston-transport/modern.js:103:17)
    at doWrite (/Users/rupestre/.cache/firebase/tools/lib/node_modules/readable-stream/lib/_stream_writable.js:390:139)
[error] 
[error] Error: An unexpected error has occurred.
[debug] [2024-02-14T23:09:36.646Z] Error: write EIO
    at afterWriteDispatched (node:internal/stream_base_commons:160:15)
    at writeGeneric (node:internal/stream_base_commons:151:3)
    at Socket._writeGeneric (node:net:863:11)
    at Socket._write (node:net:875:8)
    at writeOrBuffer (node:internal/streams/writable:392:12)
    at _write (node:internal/streams/writable:333:10)
    at Writable.write (node:internal/streams/writable:337:10)
    at Console.log (/Users/rupestre/.cache/firebase/tools/lib/node_modules/winston/lib/winston/transports/console.js:79:23)
    at Console._write (/Users/rupestre/.cache/firebase/tools/lib/node_modules/winston-transport/modern.js:103:17)
    at doWrite (/Users/rupestre/.cache/firebase/tools/lib/node_modules/readable-stream/lib/_stream_writable.js:390:139)
[error] 
[error] Error: An unexpected error has occurred.
[debug] [2024-02-14T23:09:36.650Z] Error: write EIO
    at afterWriteDispatched (node:internal/stream_base_commons:160:15)
    at writeGeneric (node:internal/stream_base_commons:151:3)
    at Socket._writeGeneric (node:net:863:11)
    at Socket._write (node:net:875:8)
    at writeOrBuffer (node:internal/streams/writable:392:12)
    at _write (node:internal/streams/writable:333:10)
    at Writable.write (node:internal/streams/writable:337:10)
    at Console.log (/Users/rupestre/.cache/firebase/tools/lib/node_modules/winston/lib/winston/transports/console.js:79:23)
    at Console._write (/Users/rupestre/.cache/firebase/tools/lib/node_modules/winston-transport/modern.js:103:17)
    at doWrite (/Users/rupestre/.cache/firebase/tools/lib/node_modules/readable-stream/lib/_stream_writable.js:390:139)
[error] 
[error] Error: An unexpected error has occurred.
[debug] [2024-02-14T23:09:36.658Z] Error: write EIO
    at afterWriteDispatched (node:internal/stream_base_commons:160:15)
    at writeGeneric (node:internal/stream_base_commons:151:3)
    at Socket._writeGeneric (node:net:863:11)
    at Socket._write (node:net:875:8)
    at writeOrBuffer (node:internal/streams/writable:392:12)
    at _write (node:internal/streams/writable:333:10)
    at Writable.write (node:internal/streams/writable:337:10)
    at Console.log (/Users/rupestre/.cache/firebase/tools/lib/node_modules/winston/lib/winston/transports/console.js:79:23)
    at Console._write (/Users/rupestre/.cache/firebase/tools/lib/node_modules/winston-transport/modern.js:103:17)
    at doWrite (/Users/rupestre/.cache/firebase/tools/lib/node_modules/readable-stream/lib/_stream_writable.js:390:139)
[error] 
[error] Error: An unexpected error has occurred.
[debug] [2024-02-14T23:09:36.659Z] Error: write EIO
    at afterWriteDispatched (node:internal/stream_base_commons:160:15)
    at writeGeneric (node:internal/stream_base_commons:151:3)
    at Socket._writeGeneric (node:net:863:11)
    at Socket._write (node:net:875:8)
    at writeOrBuffer (node:internal/streams/writable:392:12)
    at _write (node:internal/streams/writable:333:10)
    at Writable.write (node:internal/streams/writable:337:10)
    at Console.log (/Users/rupestre/.cache/firebase/tools/lib/node_modules/winston/lib/winston/transports/console.js:79:23)
    at Console._write (/Users/rupestre/.cache/firebase/tools/lib/node_modules/winston-transport/modern.js:103:17)
    at doWrite (/Users/rupestre/.cache/firebase/tools/lib/node_modules/readable-stream/lib/_stream_writable.js:390:139)
[error] 
[error] Error: An unexpected error has occurred.
[debug] [2024-02-14T23:09:36.669Z] Error: write EIO
    at afterWriteDispatched (node:internal/stream_base_commons:160:15)
    at writeGeneric (node:internal/stream_base_commons:151:3)
    at Socket._writeGeneric (node:net:863:11)
    at Socket._write (node:net:875:8)
    at writeOrBuffer (node:internal/streams/writable:392:12)
    at _write (node:internal/streams/writable:333:10)
    at Writable.write (node:internal/streams/writable:337:10)
    at Console.log (/Users/rupestre/.cache/firebase/tools/lib/node_modules/winston/lib/winston/transports/console.js:79:23)
    at Console._write (/Users/rupestre/.cache/firebase/tools/lib/node_modules/winston-transport/modern.js:103:17)
    at doWrite (/Users/rupestre/.cache/firebase/tools/lib/node_modules/readable-stream/lib/_stream_writable.js:390:139)
[error] 
[error] Error: An unexpected error has occurred.
[debug] [2024-02-14T23:09:36.670Z] Error: write EIO
    at afterWriteDispatched (node:internal/stream_base_commons:160:15)
    at writeGeneric (node:internal/stream_base_commons:151:3)
    at Socket._writeGeneric (node:net:863:11)
    at Socket._write (node:net:875:8)
    at writeOrBuffer (node:internal/streams/writable:392:12)
    at _write (node:internal/streams/writable:333:10)
    at Writable.write (node:internal/streams/writable:337:10)
    at Console.log (/Users/rupestre/.cache/firebase/tools/lib/node_modules/winston/lib/winston/transports/console.js:79:23)
    at Console._write (/Users/rupestre/.cache/firebase/tools/lib/node_modules/winston-transport/modern.js:103:17)
    at doWrite (/Users/rupestre/.cache/firebase/tools/lib/node_modules/readable-stream/lib/_stream_writable.js:390:139)
[error] 
[error] Error: An unexpected error has occurred.
[debug] [2024-02-14T23:09:36.682Z] Error: write EIO
    at afterWriteDispatched (node:internal/stream_base_commons:160:15)
    at writeGeneric (node:internal/stream_base_commons:151:3)
    at Socket._writeGeneric (node:net:863:11)
    at Socket._write (node:net:875:8)
    at writeOrBuffer (node:internal/streams/writable:392:12)
    at _write (node:internal/streams/writable:333:10)
    at Writable.write (node:internal/streams/writable:337:10)
    at Console.log (/Users/rupestre/.cache/firebase/tools/lib/node_modules/winston/lib/winston/transports/console.js:79:23)
    at Console._write (/Users/rupestre/.cache/firebase/tools/lib/node_modules/winston-transport/modern.js:103:17)
    at doWrite (/Users/rupestre/.cache/firebase/tools/lib/node_modules/readable-stream/lib/_stream_writable.js:390:139)
[error] 
[error] Error: An unexpected error has occurred.
[debug] [2024-02-14T23:09:36.700Z] Error: write EIO
    at afterWriteDispatched (node:internal/stream_base_commons:160:15)
    at writeGeneric (node:internal/stream_base_commons:151:3)
    at Socket._writeGeneric (node:net:863:11)
    at Socket._write (node:net:875:8)
    at writeOrBuffer (node:internal/streams/writable:392:12)
    at _write (node:internal/streams/writable:333:10)
    at Writable.write (node:internal/streams/writable:337:10)
    at Console.log (/Users/rupestre/.cache/firebase/tools/lib/node_modules/winston/lib/winston/transports/console.js:79:23)
    at Console._write (/Users/rupestre/.cache/firebase/tools/lib/node_modules/winston-transport/modern.js:103:17)
    at doWrite (/Users/rupestre/.cache/firebase/tools/lib/node_modules/readable-stream/lib/_stream_writable.js:390:139)
[error] 
[error] Error: An unexpected error has occurred.
[debug] [2024-02-14T23:09:36.729Z] Error: write EIO
    at afterWriteDispatched (node:internal/stream_base_commons:160:15)
    at writeGeneric (node:internal/stream_base_commons:151:3)
    at Socket._writeGeneric (node:net:863:11)
    at Socket._write (node:net:875:8)
    at writeOrBuffer (node:internal/streams/writable:392:12)
    at _write (node:internal/streams/writable:333:10)
    at Writable.write (node:internal/streams/writable:337:10)
    at Console.log (/Users/rupestre/.cache/firebase/tools/lib/node_modules/winston/lib/winston/transports/console.js:79:23)
    at Console._write (/Users/rupestre/.cache/firebase/tools/lib/node_modules/winston-transport/modern.js:103:17)
    at doWrite (/Users/rupestre/.cache/firebase/tools/lib/node_modules/readable-stream/lib/_stream_writable.js:390:139)
[error] 
[error] Error: An unexpected error has occurred.
[debug] [2024-02-14T23:09:36.732Z] Error: write EIO
    at afterWriteDispatched (node:internal/stream_base_commons:160:15)
    at writeGeneric (node:internal/stream_base_commons:151:3)
    at Socket._writeGeneric (node:net:863:11)
    at Socket._write (node:net:875:8)
    at writeOrBuffer (node:internal/streams/writable:392:12)
    at _write (node:internal/streams/writable:333:10)
    at Writable.write (node:internal/streams/writable:337:10)
    at Console.log (/Users/rupestre/.cache/firebase/tools/lib/node_modules/winston/lib/winston/transports/console.js:79:23)
    at Console._write (/Users/rupestre/.cache/firebase/tools/lib/node_modules/winston-transport/modern.js:103:17)
    at doWrite (/Users/rupestre/.cache/firebase/tools/lib/node_modules/readable-stream/lib/_stream_writable.js:390:139)
[error] 
[error] Error: An unexpected error has occurred.
[debug] [2024-02-14T23:09:36.736Z] Error: write EIO
    at afterWriteDispatched (node:internal/stream_base_commons:160:15)
    at writeGeneric (node:internal/stream_base_commons:151:3)
    at Socket._writeGeneric (node:net:863:11)
    at Socket._write (node:net:875:8)
    at writeOrBuffer (node:internal/streams/writable:392:12)
    at _write (node:internal/streams/writable:333:10)
    at Writable.write (node:internal/streams/writable:337:10)
    at Console.log (/Users/rupestre/.cache/firebase/tools/lib/node_modules/winston/lib/winston/transports/console.js:79:23)
    at Console._write (/Users/rupestre/.cache/firebase/tools/lib/node_modules/winston-transport/modern.js:103:17)
    at doWrite (/Users/rupestre/.cache/firebase/tools/lib/node_modules/readable-stream/lib/_stream_writable.js:390:139)
[error] 
[error] Error: An unexpected error has occurred.
[debug] [2024-02-14T23:09:36.737Z] Error: write EIO
    at afterWriteDispatched (node:internal/stream_base_commons:160:15)
    at writeGeneric (node:internal/stream_base_commons:151:3)
    at Socket._writeGeneric (node:net:863:11)
    at Socket._write (node:net:875:8)
    at writeOrBuffer (node:internal/streams/writable:392:12)
    at _write (node:internal/streams/writable:333:10)
    at Writable.write (node:internal/streams/writable:337:10)
    at Console.log (/Users/rupestre/.cache/firebase/tools/lib/node_modules/winston/lib/winston/transports/console.js:79:23)
    at Console._write (/Users/rupestre/.cache/firebase/tools/lib/node_modules/winston-transport/modern.js:103:17)
    at doWrite (/Users/rupestre/.cache/firebase/tools/lib/node_modules/readable-stream/lib/_stream_writable.js:390:139)
[error] 
[error] Error: An unexpected error has occurred.
[debug] [2024-02-14T23:09:36.762Z] Error: write EIO
    at afterWriteDispatched (node:internal/stream_base_commons:160:15)
    at writeGeneric (node:internal/stream_base_commons:151:3)
    at Socket._writeGeneric (node:net:863:11)
    at Socket._write (node:net:875:8)
    at writeOrBuffer (node:internal/streams/writable:392:12)
    at _write (node:internal/streams/writable:333:10)
    at Writable.write (node:internal/streams/writable:337:10)
    at Console.log (/Users/rupestre/.cache/firebase/tools/lib/node_modules/winston/lib/winston/transports/console.js:79:23)
    at Console._write (/Users/rupestre/.cache/firebase/tools/lib/node_modules/winston-transport/modern.js:103:17)
    at doWrite (/Users/rupestre/.cache/firebase/tools/lib/node_modules/readable-stream/lib/_stream_writable.js:390:139)
[error] 
[error] Error: An unexpected error has occurred.
[debug] [2024-02-14T23:09:36.767Z] Error: write EIO
    at afterWriteDispatched (node:internal/stream_base_commons:160:15)
    at writeGeneric (node:internal/stream_base_commons:151:3)
    at Socket._writeGeneric (node:net:863:11)
    at Socket._write (node:net:875:8)
    at writeOrBuffer (node:internal/streams/writable:392:12)
    at _write (node:internal/streams/writable:333:10)
    at Writable.write (node:internal/streams/writable:337:10)
    at Console.log (/Users/rupestre/.cache/firebase/tools/lib/node_modules/winston/lib/winston/transports/console.js:79:23)
    at Console._write (/Users/rupestre/.cache/firebase/tools/lib/node_modules/winston-transport/modern.js:103:17)
    at doWrite (/Users/rupestre/.cache/firebase/tools/lib/node_modules/readable-stream/lib/_stream_writable.js:390:139)
[error] 
[error] Error: An unexpected error has occurred.
[debug] [2024-02-14T23:09:36.771Z] Error: write EIO
    at afterWriteDispatched (node:internal/stream_base_commons:160:15)
    at writeGeneric (node:internal/stream_base_commons:151:3)
    at Socket._writeGeneric (node:net:863:11)
    at Socket._write (node:net:875:8)
    at writeOrBuffer (node:internal/streams/writable:392:12)
    at _write (node:internal/streams/writable:333:10)
    at Writable.write (node:internal/streams/writable:337:10)
    at Console.log (/Users/rupestre/.cache/firebase/tools/lib/node_modules/winston/lib/winston/transports/console.js:79:23)
    at Console._write (/Users/rupestre/.cache/firebase/tools/lib/node_modules/winston-transport/modern.js:103:17)
    at doWrite (/Users/rupestre/.cache/firebase/tools/lib/node_modules/readable-stream/lib/_stream_writable.js:390:139)
[error] 
[error] Error: An unexpected error has occurred.
[debug] [2024-02-14T23:09:36.772Z] Error: write EIO
    at afterWriteDispatched (node:internal/stream_base_commons:160:15)
    at writeGeneric (node:internal/stream_base_commons:151:3)
    at Socket._writeGeneric (node:net:863:11)
    at Socket._write (node:net:875:8)
    at writeOrBuffer (node:internal/streams/writable:392:12)
    at _write (node:internal/streams/writable:333:10)
    at Writable.write (node:internal/streams/writable:337:10)
    at Console.log (/Users/rupestre/.cache/firebase/tools/lib/node_modules/winston/lib/winston/transports/console.js:79:23)
    at Console._write (/Users/rupestre/.cache/firebase/tools/lib/node_modules/winston-transport/modern.js:103:17)
    at doWrite (/Users/rupestre/.cache/firebase/tools/lib/node_modules/readable-stream/lib/_stream_writable.js:390:139)
[error] 
[error] Error: An unexpected error has occurred.
[debug] [2024-02-14T23:09:36.776Z] Error: write EIO
    at afterWriteDispatched (node:internal/stream_base_commons:160:15)
    at writeGeneric (node:internal/stream_base_commons:151:3)
    at Socket._writeGeneric (node:net:863:11)
    at Socket._write (node:net:875:8)
    at writeOrBuffer (node:internal/streams/writable:392:12)
    at _write (node:internal/streams/writable:333:10)
    at Writable.write (node:internal/streams/writable:337:10)
    at Console.log (/Users/rupestre/.cache/firebase/tools/lib/node_modules/winston/lib/winston/transports/console.js:79:23)
    at Console._write (/Users/rupestre/.cache/firebase/tools/lib/node_modules/winston-transport/modern.js:103:17)
    at doWrite (/Users/rupestre/.cache/firebase/tools/lib/node_modules/readable-stream/lib/_stream_writable.js:390:139)
